{"C:\\Users\\berme\\Documents\\proyectos\\projectes\\week6\\challenge5\\robots (back)\\src\\db\\models\\Robot.js": {"path":"C:\\Users\\berme\\Documents\\proyectos\\projectes\\week6\\challenge5\\robots (back)\\src\\db\\models\\Robot.js","statementMap":{"0":{"start":{"line":1,"column":26},"end":{"line":1,"column":45}},"1":{"start":{"line":3,"column":20},"end":{"line":12,"column":2}},"2":{"start":{"line":14,"column":14},"end":{"line":14,"column":51}},"3":{"start":{"line":16,"column":0},"end":{"line":16,"column":23}}},"fnMap":{},"branchMap":{},"s":{"0":1,"1":1,"2":1,"3":1},"f":{},"b":{},"_coverageSchema":"1a1c01bbd47fc00a2c39e90264f33305004495a9","hash":"660364e643bcd81afdc4e3b7a3154de0ca041d3d"}
,"C:\\Users\\berme\\Documents\\proyectos\\projectes\\week6\\challenge5\\robots (back)\\src\\db\\models\\User.js": {"path":"C:\\Users\\berme\\Documents\\proyectos\\projectes\\week6\\challenge5\\robots (back)\\src\\db\\models\\User.js","statementMap":{"0":{"start":{"line":1,"column":26},"end":{"line":1,"column":45}},"1":{"start":{"line":3,"column":19},"end":{"line":12,"column":2}},"2":{"start":{"line":14,"column":13},"end":{"line":14,"column":47}},"3":{"start":{"line":16,"column":0},"end":{"line":16,"column":22}}},"fnMap":{},"branchMap":{},"s":{"0":1,"1":1,"2":1,"3":1},"f":{},"b":{},"_coverageSchema":"1a1c01bbd47fc00a2c39e90264f33305004495a9","hash":"af2baf9fb1b8935945fba8635ee591f5acf10847"}
,"C:\\Users\\berme\\Documents\\proyectos\\projectes\\week6\\challenge5\\robots (back)\\src\\server\\controllers\\robotControllers.js": {"path":"C:\\Users\\berme\\Documents\\proyectos\\projectes\\week6\\challenge5\\robots (back)\\src\\server\\controllers\\robotControllers.js","statementMap":{"0":{"start":{"line":1,"column":15},"end":{"line":1,"column":32}},"1":{"start":{"line":2,"column":21},"end":{"line":2,"column":44}},"2":{"start":{"line":3,"column":14},"end":{"line":3,"column":46}},"3":{"start":{"line":4,"column":13},"end":{"line":4,"column":44}},"4":{"start":{"line":6,"column":21},"end":{"line":9,"column":1}},"5":{"start":{"line":7,"column":17},"end":{"line":7,"column":35}},"6":{"start":{"line":8,"column":2},"end":{"line":8,"column":23}},"7":{"start":{"line":11,"column":17},"end":{"line":26,"column":1}},"8":{"start":{"line":12,"column":22},"end":{"line":12,"column":32}},"9":{"start":{"line":13,"column":2},"end":{"line":25,"column":3}},"10":{"start":{"line":14,"column":18},"end":{"line":14,"column":47}},"11":{"start":{"line":15,"column":4},"end":{"line":21,"column":5}},"12":{"start":{"line":16,"column":6},"end":{"line":16,"column":22}},"13":{"start":{"line":18,"column":20},"end":{"line":18,"column":61}},"14":{"start":{"line":19,"column":6},"end":{"line":19,"column":23}},"15":{"start":{"line":20,"column":6},"end":{"line":20,"column":18}},"16":{"start":{"line":23,"column":4},"end":{"line":23,"column":21}},"17":{"start":{"line":24,"column":4},"end":{"line":24,"column":16}},"18":{"start":{"line":28,"column":20},"end":{"line":36,"column":1}},"19":{"start":{"line":29,"column":2},"end":{"line":35,"column":3}},"20":{"start":{"line":30,"column":18},"end":{"line":30,"column":26}},"21":{"start":{"line":31,"column":21},"end":{"line":31,"column":46}},"22":{"start":{"line":32,"column":4},"end":{"line":32,"column":35}},"23":{"start":{"line":34,"column":4},"end":{"line":34,"column":16}},"24":{"start":{"line":38,"column":20},"end":{"line":53,"column":1}},"25":{"start":{"line":39,"column":22},"end":{"line":39,"column":32}},"26":{"start":{"line":40,"column":2},"end":{"line":52,"column":3}},"27":{"start":{"line":41,"column":18},"end":{"line":41,"column":56}},"28":{"start":{"line":42,"column":4},"end":{"line":48,"column":5}},"29":{"start":{"line":43,"column":6},"end":{"line":43,"column":24}},"30":{"start":{"line":45,"column":20},"end":{"line":45,"column":52}},"31":{"start":{"line":46,"column":6},"end":{"line":46,"column":23}},"32":{"start":{"line":47,"column":6},"end":{"line":47,"column":18}},"33":{"start":{"line":50,"column":4},"end":{"line":50,"column":21}},"34":{"start":{"line":51,"column":4},"end":{"line":51,"column":16}},"35":{"start":{"line":55,"column":20},"end":{"line":64,"column":1}},"36":{"start":{"line":56,"column":22},"end":{"line":56,"column":32}},"37":{"start":{"line":57,"column":2},"end":{"line":63,"column":3}},"38":{"start":{"line":58,"column":18},"end":{"line":58,"column":26}},"39":{"start":{"line":59,"column":25},"end":{"line":59,"column":70}},"40":{"start":{"line":60,"column":4},"end":{"line":60,"column":39}},"41":{"start":{"line":62,"column":4},"end":{"line":62,"column":16}},"42":{"start":{"line":66,"column":17},"end":{"line":90,"column":1}},"43":{"start":{"line":67,"column":33},"end":{"line":67,"column":41}},"44":{"start":{"line":69,"column":15},"end":{"line":69,"column":47}},"45":{"start":{"line":71,"column":2},"end":{"line":89,"column":3}},"46":{"start":{"line":72,"column":18},"end":{"line":72,"column":49}},"47":{"start":{"line":73,"column":4},"end":{"line":73,"column":21}},"48":{"start":{"line":74,"column":4},"end":{"line":74,"column":16}},"49":{"start":{"line":76,"column":21},"end":{"line":79,"column":5}},"50":{"start":{"line":80,"column":26},"end":{"line":80,"column":71}},"51":{"start":{"line":81,"column":4},"end":{"line":88,"column":5}},"52":{"start":{"line":82,"column":20},"end":{"line":82,"column":54}},"53":{"start":{"line":83,"column":6},"end":{"line":83,"column":23}},"54":{"start":{"line":84,"column":6},"end":{"line":84,"column":18}},"55":{"start":{"line":86,"column":20},"end":{"line":86,"column":67}},"56":{"start":{"line":87,"column":6},"end":{"line":87,"column":26}},"57":{"start":{"line":92,"column":0},"end":{"line":99,"column":2}}},"fnMap":{"0":{"name":"(anonymous_0)","decl":{"start":{"line":6,"column":21},"end":{"line":6,"column":22}},"loc":{"start":{"line":6,"column":41},"end":{"line":9,"column":1}},"line":6},"1":{"name":"(anonymous_1)","decl":{"start":{"line":11,"column":17},"end":{"line":11,"column":18}},"loc":{"start":{"line":11,"column":43},"end":{"line":26,"column":1}},"line":11},"2":{"name":"(anonymous_2)","decl":{"start":{"line":28,"column":20},"end":{"line":28,"column":21}},"loc":{"start":{"line":28,"column":46},"end":{"line":36,"column":1}},"line":28},"3":{"name":"(anonymous_3)","decl":{"start":{"line":38,"column":20},"end":{"line":38,"column":21}},"loc":{"start":{"line":38,"column":46},"end":{"line":53,"column":1}},"line":38},"4":{"name":"(anonymous_4)","decl":{"start":{"line":55,"column":20},"end":{"line":55,"column":21}},"loc":{"start":{"line":55,"column":46},"end":{"line":64,"column":1}},"line":55},"5":{"name":"(anonymous_5)","decl":{"start":{"line":66,"column":17},"end":{"line":66,"column":18}},"loc":{"start":{"line":66,"column":43},"end":{"line":90,"column":1}},"line":66}},"branchMap":{"0":{"loc":{"start":{"line":15,"column":4},"end":{"line":21,"column":5}},"type":"if","locations":[{"start":{"line":15,"column":4},"end":{"line":21,"column":5}},{"start":{"line":17,"column":11},"end":{"line":21,"column":5}}],"line":15},"1":{"loc":{"start":{"line":42,"column":4},"end":{"line":48,"column":5}},"type":"if","locations":[{"start":{"line":42,"column":4},"end":{"line":48,"column":5}},{"start":{"line":44,"column":11},"end":{"line":48,"column":5}}],"line":42},"2":{"loc":{"start":{"line":71,"column":2},"end":{"line":89,"column":3}},"type":"if","locations":[{"start":{"line":71,"column":2},"end":{"line":89,"column":3}},{"start":{"line":75,"column":9},"end":{"line":89,"column":3}}],"line":71},"3":{"loc":{"start":{"line":81,"column":4},"end":{"line":88,"column":5}},"type":"if","locations":[{"start":{"line":81,"column":4},"end":{"line":88,"column":5}},{"start":{"line":85,"column":11},"end":{"line":88,"column":5}}],"line":81}},"s":{"0":1,"1":1,"2":1,"3":1,"4":1,"5":1,"6":1,"7":1,"8":1,"9":1,"10":1,"11":1,"12":1,"13":0,"14":0,"15":0,"16":0,"17":0,"18":1,"19":0,"20":0,"21":0,"22":0,"23":0,"24":1,"25":1,"26":1,"27":1,"28":1,"29":1,"30":0,"31":0,"32":0,"33":0,"34":0,"35":1,"36":0,"37":0,"38":0,"39":0,"40":0,"41":0,"42":1,"43":0,"44":0,"45":0,"46":0,"47":0,"48":0,"49":0,"50":0,"51":0,"52":0,"53":0,"54":0,"55":0,"56":0,"57":1},"f":{"0":1,"1":1,"2":0,"3":1,"4":0,"5":0},"b":{"0":[1,0],"1":[1,0],"2":[0,0],"3":[0,0]},"_coverageSchema":"1a1c01bbd47fc00a2c39e90264f33305004495a9","hash":"c1f309670d4d3c316a8f64aa52c60f6eba2afd8e"}
}
